Array
(
    [message] => Error al enviar el mensaje. Por favor inténtelo nuevamente más tarde.
    [error] => SMTP Error: Could not authenticate.
    [code] => 0
)
Array
(
    [message] => Error al enviar el mensaje. Por favor inténtelo nuevamente más tarde.
    [error] => SMTP Error: Could not authenticate.
    [code] => 0
)
Array
(
    [message] => Error al enviar el mensaje. Por favor inténtelo nuevamente más tarde.
    [error] => SMTP Error: Could not authenticate.
    [code] => 0
)
Array
(
    [message] => Error al enviar el mensaje. Por favor inténtelo nuevamente más tarde.
    [error] => SMTP Error: Could not connect to SMTP host. Failed to connect to server SMTP server error: Failed to connect to server Additional SMTP info: php_network_getaddresses: getaddrinfo for en.outlook.com failed: Host desconocido. 
    [code] => 0
)
Array
(
    [message] => Error al enviar el mensaje. Por favor inténtelo nuevamente más tarde.
    [error] => SMTP Error: Could not connect to SMTP host. Failed to connect to server SMTP server error: Failed to connect to server Additional SMTP info: php_network_getaddresses: getaddrinfo for en.outlook.com failed: Host desconocido. 
    [code] => 0
)
Array
(
    [message] => Error al enviar el mensaje. Por favor inténtelo nuevamente más tarde.
    [error] => SMTP Error: Could not connect to SMTP host. Failed to connect to server SMTP server error: Failed to connect to server Additional SMTP info: php_network_getaddresses: getaddrinfo for en.outlook.com failed: Host desconocido. 
    [code] => 0
)
Array
(
    [message] => Error al enviar el mensaje. Por favor inténtelo nuevamente más tarde.
    [error] => SMTP Error: Could not connect to SMTP host. Failed to connect to server SMTP server error: Failed to connect to server Additional SMTP info: php_network_getaddresses: getaddrinfo for en.outlook.com failed: Host desconocido. 
    [code] => 0
)
Array
(
    [message] => Error al enviar el mensaje. Por favor inténtelo nuevamente más tarde.
    [error] => SMTP Error: Could not connect to SMTP host. Failed to connect to server SMTP server error: Failed to connect to server Additional SMTP info: php_network_getaddresses: getaddrinfo for en.outlook.com failed: Host desconocido. 
    [code] => 0
)
Array
(
    [message] => Error al enviar el mensaje. Por favor inténtelo nuevamente más tarde.
    [error] => SMTP Error: Could not connect to SMTP host. Failed to connect to server SMTP server error: Failed to connect to server Additional SMTP info: php_network_getaddresses: getaddrinfo for en.outlook.com failed: Host desconocido. 
    [code] => 0
)
Array
(
    [message] => Error al enviar el mensaje. Por favor inténtelo nuevamente más tarde.
    [error] => SMTP Error: Could not connect to SMTP host. Failed to connect to server SMTP server error: Failed to connect to server Additional SMTP info: php_network_getaddresses: getaddrinfo for en.outlook.com failed: Host desconocido. 
    [code] => 0
)
Array
(
    [message] => Error al enviar el mensaje. Por favor inténtelo nuevamente más tarde.
    [error] => SMTP Error: Could not connect to SMTP host. Failed to connect to server SMTP server error: Failed to connect to server Additional SMTP info: php_network_getaddresses: getaddrinfo for en.outlook.com failed: Host desconocido. 
    [code] => 0
)
Array
(
    [message] => Error al enviar el mensaje. Por favor inténtelo nuevamente más tarde.
    [error] => SMTP Error: Could not authenticate.
    [code] => 0
)
Array
(
    [message] => Error al enviar el mensaje. Por favor inténtelo nuevamente más tarde.
    [error] => SMTP Error: Could not authenticate.
    [code] => 0
)
Array
(
    [message] => Error al enviar el mensaje. Por favor inténtelo nuevamente más tarde.
    [error] => SMTP Error: Could not authenticate.
    [code] => 0
)
Array
(
    [message] => Error al enviar el mensaje. Por favor inténtelo nuevamente más tarde.
    [error] => SMTP Error: Could not authenticate.
    [code] => 0
)
Array
(
    [message] => Error al enviar el mensaje. Por favor inténtelo nuevamente más tarde.
    [error] => SMTP Error: Could not authenticate.
    [code] => 0
)
Array
(
    [message] => Error al enviar el mensaje. Por favor inténtelo nuevamente más tarde.
    [error] => SMTP Error: Could not authenticate.
    [code] => 0
)
