2: SERVER -> CLIENT: 220 BN8PR15CA0069.outlook.office365.com Microsoft ESMTP MAIL Service ready at Sat, 24 May 2025 05:23:33 +0000 [08DD97728B179B09]

1: CLIENT -> SERVER: EHLO localhost

2: SERVER -> CLIENT: 220 BN8PR15CA0071.outlook.office365.com Microsoft ESMTP MAIL Service ready at Sat, 24 May 2025 05:23:33 +0000 [08DD9A1E318CB370]

1: CLIENT -> SERVER: EHLO localhost

2: SERVER -> CLIENT: 250-BN8PR15CA0069.outlook.office365.com Hello [2800:98:1211:9f1:a0c3:ebc:60b5:fe02]
250-SIZE 157286400
250-PIPELINING
250-DSN
250-ENHANCEDSTATUSCODES
250-STARTTLS
250-8BITMIME
250-BINARYMIME
250-CHUNKING
250 SMTPUTF8

1: CLIENT -> SERVER: STARTTLS

2: SERVER -> CLIENT: 250-BN8PR15CA0071.outlook.office365.com Hello [2800:98:1211:9f1:a0c3:ebc:60b5:fe02]
250-SIZE 157286400
250-PIPELINING
250-DSN
250-ENHANCEDSTATUSCODES
250-STARTTLS
250-8BITMIME
250-BINARYMIME
250-CHUNKING
250 SMTPUTF8

1: CLIENT -> SERVER: STARTTLS

2: SERVER -> CLIENT: 220 2.0.0 SMTP server ready

2: SERVER -> CLIENT: 220 2.0.0 SMTP server ready

1: CLIENT -> SERVER: EHLO localhost

2: SERVER -> CLIENT: 250-BN8PR15CA0069.outlook.office365.com Hello [2800:98:1211:9f1:a0c3:ebc:60b5:fe02]
250-SIZE 157286400
250-PIPELINING
250-DSN
250-ENHANCEDSTATUSCODES
250-AUTH LOGIN XOAUTH2
250-8BITMIME
250-BINARYMIME
250-CHUNKING
250 SMTPUTF8

2: SERVER -> CLIENT: 250-BN8PR15CA0071.outlook.office365.com Hello [2800:98:1211:9f1:a0c3:ebc:60b5:fe02]
250-SIZE 157286400
250-PIPELINING
250-DSN
250-ENHANCEDSTATUSCODES
250-AUTH LOGIN XOAUTH2
250-8BITMIME
250-BINARYMIME
250-CHUNKING
250 SMTPUTF8

1: CLIENT -> SERVER: AUTH LOGIN

1: CLIENT -> SERVER: AUTH LOGIN

2: SERVER -> CLIENT: 334 VXNlcm5hbWU6

1: CLIENT -> SERVER: [credentials hidden]
1: CLIENT -> SERVER: [credentials hidden]
2: SERVER -> CLIENT: 334 UGFzc3dvcmQ6

1: CLIENT -> SERVER: [credentials hidden]
1: CLIENT -> SERVER: [credentials hidden]
2: SERVER -> CLIENT: 535 5.7.139 Authentication unsuccessful, basic authentication is disabled. [BN8PR15CA0071.namprd15.prod.outlook.com 2025-05-24T05:23:40.463Z 08DD9A1E318CB370]

1: SMTP ERROR: Password command failed: 535 5.7.139 Authentication unsuccessful, basic authentication is disabled. [BN8PR15CA0071.namprd15.prod.outlook.com 2025-05-24T05:23:40.463Z 08DD9A1E318CB370]

2: SMTP Error: Could not authenticate.
1: CLIENT -> SERVER: QUIT

2: SERVER -> CLIENT: 535 5.7.139 Authentication unsuccessful, basic authentication is disabled. [BN8PR15CA0069.namprd15.prod.outlook.com 2025-05-24T05:23:40.486Z 08DD97728B179B09]

1: SMTP ERROR: Password command failed: 535 5.7.139 Authentication unsuccessful, basic authentication is disabled. [BN8PR15CA0069.namprd15.prod.outlook.com 2025-05-24T05:23:40.486Z 08DD97728B179B09]

2: SMTP Error: Could not authenticate.
1: CLIENT -> SERVER: QUIT

2: SERVER -> CLIENT: 221 2.0.0 Service closing transmission channel

2: SERVER -> CLIENT: 221 2.0.0 Service closing transmission channel

2: SMTP Error: Could not authenticate.
2: SMTP Error: Could not authenticate.
2: SERVER -> CLIENT: 220 BN0PR04CA0084.outlook.office365.com Microsoft ESMTP MAIL Service ready at Sat, 24 May 2025 05:24:10 +0000 [08DD972A18A5502C]

1: CLIENT -> SERVER: EHLO localhost

2: SERVER -> CLIENT: 220 BN0PR04CA0083.outlook.office365.com Microsoft ESMTP MAIL Service ready at Sat, 24 May 2025 05:24:10 +0000 [08DD9774EBFFD6AB]

1: CLIENT -> SERVER: EHLO localhost

2: SERVER -> CLIENT: 250-BN0PR04CA0084.outlook.office365.com Hello [2800:98:1211:9f1:a0c3:ebc:60b5:fe02]
250-SIZE 157286400
250-PIPELINING
250-DSN
250-ENHANCEDSTATUSCODES
250-STARTTLS
250-8BITMIME
250-BINARYMIME
250-CHUNKING
250 SMTPUTF8

1: CLIENT -> SERVER: STARTTLS

2: SERVER -> CLIENT: 250-BN0PR04CA0083.outlook.office365.com Hello [2800:98:1211:9f1:a0c3:ebc:60b5:fe02]
250-SIZE 157286400
250-PIPELINING
250-DSN
250-ENHANCEDSTATUSCODES
250-STARTTLS
250-8BITMIME
250-BINARYMIME
250-CHUNKING
250 SMTPUTF8

1: CLIENT -> SERVER: STARTTLS

2: SERVER -> CLIENT: 220 2.0.0 SMTP server ready

2: SERVER -> CLIENT: 220 2.0.0 SMTP server ready

1: CLIENT -> SERVER: EHLO localhost

1: CLIENT -> SERVER: EHLO localhost

2: SERVER -> CLIENT: 250-BN0PR04CA0083.outlook.office365.com Hello [2800:98:1211:9f1:a0c3:ebc:60b5:fe02]
250-SIZE 157286400
250-PIPELINING
250-DSN
250-ENHANCEDSTATUSCODES
250-AUTH LOGIN XOAUTH2
250-8BITMIME
250-BINARYMIME
250-CHUNKING
250 SMTPUTF8

1: CLIENT -> SERVER: AUTH LOGIN

2: SERVER -> CLIENT: 250-BN0PR04CA0084.outlook.office365.com Hello [2800:98:1211:9f1:a0c3:ebc:60b5:fe02]
250-SIZE 157286400
250-PIPELINING
250-DSN
250-ENHANCEDSTATUSCODES
250-AUTH LOGIN XOAUTH2
250-8BITMIME
250-BINARYMIME
250-CHUNKING
250 SMTPUTF8

1: CLIENT -> SERVER: AUTH LOGIN

2: SERVER -> CLIENT: 334 VXNlcm5hbWU6

1: CLIENT -> SERVER: [credentials hidden]
1: CLIENT -> SERVER: [credentials hidden]
2: SERVER -> CLIENT: 334 UGFzc3dvcmQ6

1: CLIENT -> SERVER: [credentials hidden]
1: CLIENT -> SERVER: [credentials hidden]
2: SERVER -> CLIENT: 535 5.7.139 Authentication unsuccessful, basic authentication is disabled. [BN0PR04CA0084.namprd04.prod.outlook.com 2025-05-24T05:24:17.201Z 08DD972A18A5502C]

1: SMTP ERROR: Password command failed: 535 5.7.139 Authentication unsuccessful, basic authentication is disabled. [BN0PR04CA0084.namprd04.prod.outlook.com 2025-05-24T05:24:17.201Z 08DD972A18A5502C]

2: SMTP Error: Could not authenticate.
1: CLIENT -> SERVER: QUIT

2: SERVER -> CLIENT: 535 5.7.139 Authentication unsuccessful, basic authentication is disabled. [BN0PR04CA0083.namprd04.prod.outlook.com 2025-05-24T05:24:17.226Z 08DD9774EBFFD6AB]

1: SMTP ERROR: Password command failed: 535 5.7.139 Authentication unsuccessful, basic authentication is disabled. [BN0PR04CA0083.namprd04.prod.outlook.com 2025-05-24T05:24:17.226Z 08DD9774EBFFD6AB]

2: SMTP Error: Could not authenticate.
1: CLIENT -> SERVER: QUIT

2: SERVER -> CLIENT: 221 2.0.0 Service closing transmission channel

2: SMTP Error: Could not authenticate.
2: SERVER -> CLIENT: 221 2.0.0 Service closing transmission channel

2: SMTP Error: Could not authenticate.
1: SMTP ERROR: Failed to connect to server: php_network_getaddresses: getaddrinfo for en.outlook.com failed: Host desconocido.  (0)
1: SMTP ERROR: Failed to connect to server: php_network_getaddresses: getaddrinfo for en.outlook.com failed: Host desconocido.  (0)
2: SMTP Error: Could not connect to SMTP host. Failed to connect to server
2: SMTP Error: Could not connect to SMTP host. Failed to connect to server
1: SMTP ERROR: Failed to connect to server: php_network_getaddresses: getaddrinfo for en.outlook.com failed: Host desconocido.  (0)
1: SMTP ERROR: Failed to connect to server: php_network_getaddresses: getaddrinfo for en.outlook.com failed: Host desconocido.  (0)
2: SMTP Error: Could not connect to SMTP host. Failed to connect to server
1: SMTP ERROR: Failed to connect to server: php_network_getaddresses: getaddrinfo for en.outlook.com failed: Host desconocido.  (0)
1: SMTP ERROR: Failed to connect to server: php_network_getaddresses: getaddrinfo for en.outlook.com failed: Host desconocido.  (0)
2: SMTP Error: Could not connect to SMTP host. Failed to connect to server
2: SMTP Error: Could not connect to SMTP host. Failed to connect to server
1: SMTP ERROR: Failed to connect to server: php_network_getaddresses: getaddrinfo for en.outlook.com failed: Host desconocido.  (0)
2: SMTP Error: Could not connect to SMTP host. Failed to connect to server
1: SMTP ERROR: Failed to connect to server: php_network_getaddresses: getaddrinfo for en.outlook.com failed: Host desconocido.  (0)
2: SMTP Error: Could not connect to SMTP host. Failed to connect to server
2: SERVER -> CLIENT: 220 BN9P221CA0015.outlook.office365.com Microsoft ESMTP MAIL Service ready at Sat, 24 May 2025 05:26:25 +0000 [08DD975A03FBF9D2]

1: CLIENT -> SERVER: EHLO localhost

2: SERVER -> CLIENT: 220 BN9P221CA0027.outlook.office365.com Microsoft ESMTP MAIL Service ready at Sat, 24 May 2025 05:26:25 +0000 [08DD997EAA42AA08]

1: CLIENT -> SERVER: EHLO localhost

2: SERVER -> CLIENT: 250-BN9P221CA0015.outlook.office365.com Hello [2800:98:1211:9f1:a0c3:ebc:60b5:fe02]
250-SIZE 157286400
250-PIPELINING
250-DSN
250-ENHANCEDSTATUSCODES
250-STARTTLS
250-8BITMIME
250-BINARYMIME
250-CHUNKING
250 SMTPUTF8

1: CLIENT -> SERVER: STARTTLS

2: SERVER -> CLIENT: 250-BN9P221CA0027.outlook.office365.com Hello [2800:98:1211:9f1:a0c3:ebc:60b5:fe02]
250-SIZE 157286400
250-PIPELINING
250-DSN
250-ENHANCEDSTATUSCODES
250-STARTTLS
250-8BITMIME
250-BINARYMIME
250-CHUNKING
250 SMTPUTF8

1: CLIENT -> SERVER: STARTTLS

2: SERVER -> CLIENT: 220 2.0.0 SMTP server ready

2: SERVER -> CLIENT: 220 2.0.0 SMTP server ready

1: CLIENT -> SERVER: EHLO localhost

1: CLIENT -> SERVER: EHLO localhost

2: SERVER -> CLIENT: 250-BN9P221CA0015.outlook.office365.com Hello [2800:98:1211:9f1:a0c3:ebc:60b5:fe02]
250-SIZE 157286400
250-PIPELINING
250-DSN
250-ENHANCEDSTATUSCODES
250-AUTH LOGIN XOAUTH2
250-8BITMIME
250-BINARYMIME
250-CHUNKING
250 SMTPUTF8

1: CLIENT -> SERVER: AUTH LOGIN

2: SERVER -> CLIENT: 250-BN9P221CA0027.outlook.office365.com Hello [2800:98:1211:9f1:a0c3:ebc:60b5:fe02]
250-SIZE 157286400
250-PIPELINING
250-DSN
250-ENHANCEDSTATUSCODES
250-AUTH LOGIN XOAUTH2
250-8BITMIME
250-BINARYMIME
250-CHUNKING
250 SMTPUTF8

1: CLIENT -> SERVER: AUTH LOGIN

2: SERVER -> CLIENT: 334 VXNlcm5hbWU6

1: CLIENT -> SERVER: [credentials hidden]
2: SERVER -> CLIENT: 334 VXNlcm5hbWU6

1: CLIENT -> SERVER: [credentials hidden]
2: SERVER -> CLIENT: 334 UGFzc3dvcmQ6

1: CLIENT -> SERVER: [credentials hidden]
2: SERVER -> CLIENT: 334 UGFzc3dvcmQ6

1: CLIENT -> SERVER: [credentials hidden]
2: SERVER -> CLIENT: 535 5.7.139 Authentication unsuccessful, basic authentication is disabled. [BN9P221CA0027.NAMP221.PROD.OUTLOOK.COM 2025-05-24T05:26:32.298Z 08DD997EAA42AA08]

1: SMTP ERROR: Password command failed: 535 5.7.139 Authentication unsuccessful, basic authentication is disabled. [BN9P221CA0015.NAMP221.PROD.OUTLOOK.COM 2025-05-24T05:26:32.264Z 08DD975A03FBF9D2]

1: SMTP ERROR: Password command failed: 535 5.7.139 Authentication unsuccessful, basic authentication is disabled. [BN9P221CA0027.NAMP221.PROD.OUTLOOK.COM 2025-05-24T05:26:32.298Z 08DD997EAA42AA08]

2: SMTP Error: Could not authenticate.
2: SMTP Error: Could not authenticate.
1: CLIENT -> SERVER: QUIT

1: CLIENT -> SERVER: QUIT

2: SERVER -> CLIENT: 221 2.0.0 Service closing transmission channel

2: SERVER -> CLIENT: 221 2.0.0 Service closing transmission channel

2: SMTP Error: Could not authenticate.
2: SMTP Error: Could not authenticate.
2: SERVER -> CLIENT: 220 BN8PR03CA0035.outlook.office365.com Microsoft ESMTP MAIL Service ready at Sat, 24 May 2025 05:27:29 +0000 [08DD97595AF5EF9F]

1: CLIENT -> SERVER: EHLO localhost

1: CLIENT -> SERVER: EHLO localhost

2: SERVER -> CLIENT: 250-BN8PR03CA0022.outlook.office365.com Hello [2800:98:1211:9f1:a0c3:ebc:60b5:fe02]
250-SIZE 157286400
250-PIPELINING
250-DSN
250-ENHANCEDSTATUSCODES
250-STARTTLS
250-8BITMIME
250-BINARYMIME
250-CHUNKING
250 SMTPUTF8

2: SERVER -> CLIENT: 250-BN8PR03CA0035.outlook.office365.com Hello [2800:98:1211:9f1:a0c3:ebc:60b5:fe02]
250-SIZE 157286400
250-PIPELINING
250-DSN
250-ENHANCEDSTATUSCODES
250-STARTTLS
250-8BITMIME
250-BINARYMIME
250-CHUNKING
250 SMTPUTF8

1: CLIENT -> SERVER: STARTTLS

1: CLIENT -> SERVER: STARTTLS

2: SERVER -> CLIENT: 220 2.0.0 SMTP server ready

1: CLIENT -> SERVER: EHLO localhost

1: CLIENT -> SERVER: EHLO localhost

2: SERVER -> CLIENT: 250-BN8PR03CA0035.outlook.office365.com Hello [2800:98:1211:9f1:a0c3:ebc:60b5:fe02]
250-SIZE 157286400
250-PIPELINING
250-DSN
250-ENHANCEDSTATUSCODES
250-AUTH LOGIN XOAUTH2
250-8BITMIME
250-BINARYMIME
250-CHUNKING
250 SMTPUTF8

1: CLIENT -> SERVER: AUTH LOGIN

1: CLIENT -> SERVER: AUTH LOGIN

2: SERVER -> CLIENT: 334 VXNlcm5hbWU6

2: SERVER -> CLIENT: 334 VXNlcm5hbWU6

1: CLIENT -> SERVER: [credentials hidden]
1: CLIENT -> SERVER: [credentials hidden]
2: SERVER -> CLIENT: 334 UGFzc3dvcmQ6

2: SERVER -> CLIENT: 334 UGFzc3dvcmQ6

1: CLIENT -> SERVER: [credentials hidden]
1: CLIENT -> SERVER: [credentials hidden]
2: SERVER -> CLIENT: 535 5.7.139 Authentication unsuccessful, basic authentication is disabled. [BN8PR03CA0035.namprd03.prod.outlook.com 2025-05-24T05:27:36.519Z 08DD97595AF5EF9F]

1: SMTP ERROR: Password command failed: 535 5.7.139 Authentication unsuccessful, basic authentication is disabled. [BN8PR03CA0022.namprd03.prod.outlook.com 2025-05-24T05:27:36.530Z 08DD98CE24B7CB1D]

1: SMTP ERROR: Password command failed: 535 5.7.139 Authentication unsuccessful, basic authentication is disabled. [BN8PR03CA0035.namprd03.prod.outlook.com 2025-05-24T05:27:36.519Z 08DD97595AF5EF9F]

2: SMTP Error: Could not authenticate.
2: SMTP Error: Could not authenticate.
1: CLIENT -> SERVER: QUIT

1: CLIENT -> SERVER: QUIT

2: SERVER -> CLIENT: 221 2.0.0 Service closing transmission channel

2: SMTP Error: Could not authenticate.
2: SMTP Error: Could not authenticate.
2: SERVER -> CLIENT: 220 BN9PR03CA0722.outlook.office365.com Microsoft ESMTP MAIL Service ready at Sat, 24 May 2025 05:29:03 +0000 [08DD951109E3BBFE]

2: SERVER -> CLIENT: 220 BN9PR03CA0745.outlook.office365.com Microsoft ESMTP MAIL Service ready at Sat, 24 May 2025 05:29:04 +0000 [08DD9794D4A98453]

1: CLIENT -> SERVER: EHLO localhost

1: CLIENT -> SERVER: EHLO localhost

2: SERVER -> CLIENT: 250-BN9PR03CA0722.outlook.office365.com Hello [2800:98:1211:9f1:a0c3:ebc:60b5:fe02]
250-SIZE 157286400
250-PIPELINING
250-DSN
250-ENHANCEDSTATUSCODES
250-STARTTLS
250-8BITMIME
250-BINARYMIME
250-CHUNKING
250 SMTPUTF8

2: SERVER -> CLIENT: 250-BN9PR03CA0745.outlook.office365.com Hello [2800:98:1211:9f1:a0c3:ebc:60b5:fe02]
250-SIZE 157286400
250-PIPELINING
250-DSN
250-ENHANCEDSTATUSCODES
250-STARTTLS
250-8BITMIME
250-BINARYMIME
250-CHUNKING
250 SMTPUTF8

1: CLIENT -> SERVER: STARTTLS

1: CLIENT -> SERVER: STARTTLS

2: SERVER -> CLIENT: 220 2.0.0 SMTP server ready

2: SERVER -> CLIENT: 220 2.0.0 SMTP server ready

1: CLIENT -> SERVER: EHLO localhost

2: SERVER -> CLIENT: 250-BN9PR03CA0722.outlook.office365.com Hello [2800:98:1211:9f1:a0c3:ebc:60b5:fe02]
250-SIZE 157286400
250-PIPELINING
250-DSN
250-ENHANCEDSTATUSCODES
250-AUTH LOGIN XOAUTH2
250-8BITMIME
250-BINARYMIME
250-CHUNKING
250 SMTPUTF8

1: CLIENT -> SERVER: AUTH LOGIN

1: CLIENT -> SERVER: AUTH LOGIN

2: SERVER -> CLIENT: 334 VXNlcm5hbWU6

2: SERVER -> CLIENT: 334 VXNlcm5hbWU6

1: CLIENT -> SERVER: [credentials hidden]
1: CLIENT -> SERVER: [credentials hidden]
2: SERVER -> CLIENT: 334 UGFzc3dvcmQ6

1: CLIENT -> SERVER: [credentials hidden]
1: CLIENT -> SERVER: [credentials hidden]
2: SERVER -> CLIENT: 535 5.7.139 Authentication unsuccessful, basic authentication is disabled. [BN9PR03CA0722.namprd03.prod.outlook.com 2025-05-24T05:29:11.129Z 08DD951109E3BBFE]

1: SMTP ERROR: Password command failed: 535 5.7.139 Authentication unsuccessful, basic authentication is disabled. [BN9PR03CA0722.namprd03.prod.outlook.com 2025-05-24T05:29:11.129Z 08DD951109E3BBFE]

2: SMTP Error: Could not authenticate.
1: CLIENT -> SERVER: QUIT

2: SERVER -> CLIENT: 535 5.7.139 Authentication unsuccessful, basic authentication is disabled. [BN9PR03CA0745.namprd03.prod.outlook.com 2025-05-24T05:29:11.143Z 08DD9794D4A98453]

1: SMTP ERROR: Password command failed: 535 5.7.139 Authentication unsuccessful, basic authentication is disabled. [BN9PR03CA0745.namprd03.prod.outlook.com 2025-05-24T05:29:11.143Z 08DD9794D4A98453]

2: SMTP Error: Could not authenticate.
1: CLIENT -> SERVER: QUIT

2: SERVER -> CLIENT: 221 2.0.0 Service closing transmission channel

2: SMTP Error: Could not authenticate.
2: SERVER -> CLIENT: 221 2.0.0 Service closing transmission channel

2: SMTP Error: Could not authenticate.
